<!DOCTYPE html PUBLIC "-//W3C//DTD XHTML 1.1//EN" "http://www.w3.org/TR/xhtml11/DTD/xhtml11.dtd">
<html xmlns="http://www.w3.org/1999/xhtml">
<head>
<meta http-equiv="content-type" content="text/html; charset=UTF-8"/>
<title>TestNG Report</title>
<style type="text/css">table {margin-bottom:10px;border-collapse:collapse;empty-cells:show}th,td {border:1px solid #009;padding:.25em .5em}th {vertical-align:bottom}td {vertical-align:top}table a {font-weight:bold}.stripe td {background-color: #E6EBF9}.num {text-align:right}.passedodd td {background-color: #3F3}.passedeven td {background-color: #0A0}.skippedodd td {background-color: #DDD}.skippedeven td {background-color: #CCC}.failedodd td,.attn {background-color: #F33}.failedeven td,.stripe .attn {background-color: #D00}.stacktrace {white-space:pre;font-family:monospace}.totop {font-size:85%;text-align:center;border-bottom:2px solid #000}.invisible {display:none}</style>
</head>
<body>
<table>
<tr><th>Test</th><th># Passed</th><th># Skipped</th><th># Failed</th><th>Time (ms)</th><th>Included Groups</th><th>Excluded Groups</th></tr>
<tr><th colspan="7">Suite</th></tr>
<tr><td><a href="#t0">Test2</a></td><td class="num">1</td><td class="num attn">1</td><td class="num attn">1</td><td class="num">109,172</td><td></td><td></td></tr>
<tr class="stripe"><td><a href="#t1">Test1</a></td><td class="num">9</td><td class="num">0</td><td class="num">0</td><td class="num">263,756</td><td></td><td></td></tr>
<tr><th>Total</th><th class="num">10</th><th class="num attn">1</th><th class="num attn">1</th><th class="num">372,928</th><th colspan="2"></th></tr>
</table>
<table id='summary'><thead><tr><th>Class</th><th>Method</th><th>Start</th><th>Time (ms)</th></tr></thead><tbody><tr><th colspan="4">Suite</th></tr></tbody><tbody id="t0"><tr><th colspan="4">Test2 &#8212; failed</th></tr><tr class="failedeven"><td rowspan="1">DS.UI_Automation_Framework.Tests.ErrorValidationsTest</td><td><a href="#m0">LoginErrorValidations</a></td><td rowspan="1">1703595149319</td><td rowspan="1">50612</td></tr><tr><th colspan="4">Test2 &#8212; skipped</th></tr><tr class="skippedeven"><td rowspan="1">DS.UI_Automation_Framework.Tests.ErrorValidationsTest</td><td><a href="#m1">LoginErrorValidations</a></td><td rowspan="1">1703595136267</td><td rowspan="1">1226</td></tr><tr><th colspan="4">Test2 &#8212; passed</th></tr><tr class="passedeven"><td rowspan="1">DS.UI_Automation_Framework.Tests.ErrorValidationsTest</td><td><a href="#m2">ProductErrorValidations</a></td><td rowspan="1">1703595208980</td><td rowspan="1">14241</td></tr></tbody>
<tbody id="t1"><tr><th colspan="4">Test1 &#8212; passed</th></tr><tr class="passedeven"><td rowspan="9">DS.UI_Automation_Framework.Tests.SubmitOrderTest</td><td><a href="#m3">OrderHistoryTest</a></td><td rowspan="1">1703595376999</td><td rowspan="1">1117</td></tr><tr class="passedeven"><td><a href="#m4">submitOrder</a></td><td rowspan="1">1703595136269</td><td rowspan="1">18486</td></tr><tr class="passedeven"><td><a href="#m5">submitOrderWithDataProvider</a></td><td rowspan="2">1703595162885</td><td rowspan="2">26638</td></tr><tr class="passedeven"><td><a href="#m6">submitOrderWithDataProvider</a></td></tr><tr class="passedeven"><td><a href="#m7">submitOrderWithHashmap</a></td><td rowspan="2">1703595344292</td><td rowspan="2">26088</td></tr><tr class="passedeven"><td><a href="#m8">submitOrderWithHashmap</a></td></tr><tr class="passedeven"><td><a href="#m9">submitOrderWithJson</a></td><td rowspan="3">1703595225522</td><td rowspan="3">15512</td></tr><tr class="passedeven"><td><a href="#m10">submitOrderWithJson</a></td></tr><tr class="passedeven"><td><a href="#m11">submitOrderWithJson</a></td></tr></tbody>
</table>
<h2>Test2</h2><h3 id="m0">DS.UI_Automation_Framework.Tests.ErrorValidationsTest#LoginErrorValidations</h3><table class="result"><tr><th>Exception</th></tr><tr><td><div class="stacktrace">org.openqa.selenium.NoSuchElementException: no such element: Unable to locate element: {&quot;method&quot;:&quot;css selector&quot;,&quot;selector&quot;:&quot;div.toast-message&quot;}
  (Session info: chrome=120.0.6099.129)
For documentation on this error, please visit: https://www.selenium.dev/documentation/webdriver/troubleshooting/errors#no-such-element-exception
Build info: version: &apos;4.14.1&apos;, revision: &apos;03f8ede370&apos;
System info: os.name: &apos;Windows 10&apos;, os.arch: &apos;amd64&apos;, os.version: &apos;10.0&apos;, java.version: &apos;17.0.9&apos;
Driver info: org.openqa.selenium.chrome.ChromeDriver
Command: [918bc3f20e19e6ba72d6a02da1538ab8, findElement {using=css selector, value=div.toast-message}]
Capabilities {acceptInsecureCerts: false, browserName: chrome, browserVersion: 120.0.6099.129, chrome: {chromedriverVersion: 120.0.6099.109 (3419140ab66..., userDataDir: C:\Users\aha5\AppData\Local...}, fedcm:accounts: true, goog:chromeOptions: {debuggerAddress: localhost:64157}, networkConnectionEnabled: false, pageLoadStrategy: normal, platformName: windows, proxy: Proxy(), se:cdp: ws://localhost:64157/devtoo..., se:cdpVersion: 120.0.6099.129, setWindowRect: true, strictFileInteractability: false, timeouts: {implicit: 0, pageLoad: 300000, script: 30000}, unhandledPromptBehavior: dismiss and notify, webauthn:extension:credBlob: true, webauthn:extension:largeBlob: true, webauthn:extension:minPinLength: true, webauthn:extension:prf: true, webauthn:virtualAuthenticators: true}
Session ID: 918bc3f20e19e6ba72d6a02da1538ab8
	at org.openqa.selenium.remote.codec.w3c.W3CHttpResponseCodec.createException(W3CHttpResponseCodec.java:200)
	at org.openqa.selenium.remote.codec.w3c.W3CHttpResponseCodec.decode(W3CHttpResponseCodec.java:133)
	at org.openqa.selenium.remote.codec.w3c.W3CHttpResponseCodec.decode(W3CHttpResponseCodec.java:52)
	at org.openqa.selenium.remote.HttpCommandExecutor.execute(HttpCommandExecutor.java:191)
	at org.openqa.selenium.remote.service.DriverCommandExecutor.invokeExecute(DriverCommandExecutor.java:200)
	at org.openqa.selenium.remote.service.DriverCommandExecutor.execute(DriverCommandExecutor.java:175)
	at org.openqa.selenium.remote.RemoteWebDriver.execute(RemoteWebDriver.java:602)
	at org.openqa.selenium.remote.ElementLocation$ElementFinder$2.findElement(ElementLocation.java:165)
	at org.openqa.selenium.remote.ElementLocation.findElement(ElementLocation.java:59)
	at org.openqa.selenium.remote.RemoteWebDriver.findElement(RemoteWebDriver.java:359)
	at org.openqa.selenium.remote.RemoteWebDriver.findElement(RemoteWebDriver.java:353)
	at org.openqa.selenium.support.pagefactory.DefaultElementLocator.findElement(DefaultElementLocator.java:68)
	at org.openqa.selenium.support.pagefactory.internal.LocatingElementHandler.invoke(LocatingElementHandler.java:38)
	at jdk.proxy2/jdk.proxy2.$Proxy15.getText(Unknown Source)
	at DS.UI_Automation_Framework.pageobjects.LandingPage.getErrorMessage(LandingPage.java:49)
	at DS.UI_Automation_Framework.Tests.ErrorValidationsTest.LoginErrorValidations(ErrorValidationsTest.java:24)
	at java.base/java.util.concurrent.FutureTask.run(FutureTask.java:264)
	at java.base/java.util.concurrent.ThreadPoolExecutor.runWorker(ThreadPoolExecutor.java:1136)
	at java.base/java.util.concurrent.ThreadPoolExecutor$Worker.run(ThreadPoolExecutor.java:635)
	at java.base/java.lang.Thread.run(Thread.java:840)
... Removed 21 stack frames</div></td></tr></table><p class="totop"><a href="#summary">back to summary</a></p>
<h3 id="m1">DS.UI_Automation_Framework.Tests.ErrorValidationsTest#LoginErrorValidations</h3><table class="result"><tr><th>Exception</th></tr><tr><td><div class="stacktrace">java.lang.AssertionError: expected [Incorrect email or password.] but found []
	at DS.UI_Automation_Framework.Tests.ErrorValidationsTest.LoginErrorValidations(ErrorValidationsTest.java:25)
	at java.base/java.util.concurrent.FutureTask.run(FutureTask.java:264)
	at java.base/java.util.concurrent.ThreadPoolExecutor.runWorker(ThreadPoolExecutor.java:1136)
	at java.base/java.util.concurrent.ThreadPoolExecutor$Worker.run(ThreadPoolExecutor.java:635)
	at java.base/java.lang.Thread.run(Thread.java:840)
... Removed 22 stack frames</div></td></tr></table><p class="totop"><a href="#summary">back to summary</a></p>
<h3 id="m2">DS.UI_Automation_Framework.Tests.ErrorValidationsTest#ProductErrorValidations</h3><table class="result"><tr><th class="invisible"/></tr></table><p class="totop"><a href="#summary">back to summary</a></p>
<h2>Test1</h2><h3 id="m3">DS.UI_Automation_Framework.Tests.SubmitOrderTest#OrderHistoryTest</h3><table class="result"><tr><th class="invisible"/></tr></table><p class="totop"><a href="#summary">back to summary</a></p>
<h3 id="m4">DS.UI_Automation_Framework.Tests.SubmitOrderTest#submitOrder</h3><table class="result"><tr><th class="invisible"/></tr></table><p class="totop"><a href="#summary">back to summary</a></p>
<h3 id="m5">DS.UI_Automation_Framework.Tests.SubmitOrderTest#submitOrderWithDataProvider</h3><table class="result"><tr class="param"><th>Parameter #1</th><th>Parameter #2</th><th>Parameter #3</th><th>Parameter #4</th></tr><tr class="param stripe"><td>test_all_leader_ds2@gmail.com</td><td>Test@123</td><td>IPHONE 13 PRO</td><td>India</td></tr></table><p class="totop"><a href="#summary">back to summary</a></p>
<h3 id="m6">DS.UI_Automation_Framework.Tests.SubmitOrderTest#submitOrderWithDataProvider</h3><table class="result"><tr class="param"><th>Parameter #1</th><th>Parameter #2</th><th>Parameter #3</th><th>Parameter #4</th></tr><tr class="param stripe"><td>test_all_leader_ds3@gmail.com</td><td>Test@123</td><td>ADIDAS ORIGINAL</td><td>Maldives</td></tr></table><p class="totop"><a href="#summary">back to summary</a></p>
<h3 id="m7">DS.UI_Automation_Framework.Tests.SubmitOrderTest#submitOrderWithHashmap</h3><table class="result"><tr class="param"><th>Parameter #1</th></tr><tr class="param stripe"><td>{EmailId=test_all_leader_ds3@gmail.com, Country=Maldives, ProductName=ADIDAS ORIGINAL, Password=Test@123}</td></tr></table><p class="totop"><a href="#summary">back to summary</a></p>
<h3 id="m8">DS.UI_Automation_Framework.Tests.SubmitOrderTest#submitOrderWithHashmap</h3><table class="result"><tr class="param"><th>Parameter #1</th></tr><tr class="param stripe"><td>{EmailId=test_all_leader_ds2@gmail.com, Country=India, ProductName=IPHONE 13 PRO, Password=Test@123}</td></tr></table><p class="totop"><a href="#summary">back to summary</a></p>
<h3 id="m9">DS.UI_Automation_Framework.Tests.SubmitOrderTest#submitOrderWithJson</h3><table class="result"><tr class="param"><th>Parameter #1</th></tr><tr class="param stripe"><td>{EmailId=test_all_leader_ds2@gmail.com, Country=India, ProductName=IPHONE 13 PRO, Password=Test@123}</td></tr></table><p class="totop"><a href="#summary">back to summary</a></p>
<h3 id="m10">DS.UI_Automation_Framework.Tests.SubmitOrderTest#submitOrderWithJson</h3><table class="result"><tr class="param"><th>Parameter #1</th></tr><tr class="param stripe"><td>{EmailId=test_all_leader_ds3@gmail.com, Country=Maldives, ProductName=ADIDAS ORIGINAL, Password=Test@123}</td></tr></table><p class="totop"><a href="#summary">back to summary</a></p>
<h3 id="m11">DS.UI_Automation_Framework.Tests.SubmitOrderTest#submitOrderWithJson</h3><table class="result"><tr class="param"><th>Parameter #1</th></tr><tr class="param stripe"><td>{EmailId=akshay@gmail.com, Country=Australia, ProductName=ZARA COAT 3, Password=Test@123}</td></tr></table><p class="totop"><a href="#summary">back to summary</a></p>
</body>
</html>
